#
# There is insufficient memory for the Java Runtime Environment to continue.
# Native memory allocation (malloc) failed to allocate 547216 bytes for Chunk::new
# Possible reasons:
#   The system is out of physical RAM or swap space
#   In 32 bit mode, the process size limit was hit
# Possible solutions:
#   Reduce memory load on the system
#   Increase physical memory or swap space
#   Check if swap backing store is full
#   Use 64 bit Java on a 64 bit OS
#   Decrease Java heap size (-Xmx/-Xms)
#   Decrease number of Java threads
#   Decrease Java thread stack sizes (-Xss)
#   Set larger code cache with -XX:ReservedCodeCacheSize=
# This output file may be truncated or incomplete.
#
#  Out of Memory Error (allocation.cpp:390), pid=11180, tid=2140
#
# JRE version: Java(TM) SE Runtime Environment (8.0_74-b02) (build 1.8.0_74-b02)
# Java VM: Java HotSpot(TM) 64-Bit Server VM (25.74-b02 mixed mode windows-amd64 compressed oops)
# Failed to write core dump. Minidumps are not enabled by default on client versions of Windows
#

---------------  T H R E A D  ---------------

Current thread (0x000000001a43e000):  JavaThread "C2 CompilerThread1" daemon [_thread_in_native, id=2140, stack(0x000000001abf0000,0x000000001acf0000)]

Stack: [0x000000001abf0000,0x000000001acf0000]
[error occurred during error reporting (printing stack bounds), id 0xc0000005]

Native frames: (J=compiled Java code, j=interpreted, Vv=VM code, C=native code)


Current CompileTask:
C2:   7835 3428   !   4       com.sun.tools.javac.jvm.ClassReader::classSigToType (498 bytes)


---------------  P R O C E S S  ---------------

Java Threads: ( => current thread )
  0x000000001a6d3800 JavaThread "oneagentautosensor" daemon [_thread_in_native, id=300, stack(0x0000000004360000,0x0000000004460000)]
  0x000000001a48f800 JavaThread "oneagentsubpathsender" daemon [_thread_in_native, id=9396, stack(0x0000000003a60000,0x0000000003b60000)]
  0x000000001a4b8800 JavaThread "Service Thread" daemon [_thread_blocked, id=15300, stack(0x000000001adf0000,0x000000001aef0000)]
  0x000000001a447800 JavaThread "C1 CompilerThread2" daemon [_thread_blocked, id=12568, stack(0x000000001acf0000,0x000000001adf0000)]
=>0x000000001a43e000 JavaThread "C2 CompilerThread1" daemon [_thread_in_native, id=2140, stack(0x000000001abf0000,0x000000001acf0000)]
  0x000000001a43c000 JavaThread "C2 CompilerThread0" daemon [_thread_blocked, id=13500, stack(0x000000001aaf0000,0x000000001abf0000)]
  0x000000001a43b000 JavaThread "Attach Listener" daemon [_thread_blocked, id=6424, stack(0x000000001a9f0000,0x000000001aaf0000)]
  0x000000001a439800 JavaThread "Signal Dispatcher" daemon [_thread_blocked, id=8524, stack(0x000000001a8f0000,0x000000001a9f0000)]
  0x000000001a3fa000 JavaThread "Finalizer" daemon [_thread_blocked, id=13428, stack(0x000000001a7f0000,0x000000001a8f0000)]
  0x000000001a3f0000 JavaThread "Reference Handler" daemon [_thread_blocked, id=17364, stack(0x000000001a6f0000,0x000000001a7f0000)]
  0x0000000004566800 JavaThread "main" [_thread_in_native, id=16948, stack(0x0000000002b90000,0x0000000002c90000)]

Other Threads:
  0x0000000005a20800 VMThread [stack: 0x000000001a1f0000,0x000000001a2f0000] [id=7880]
  0x000000001a4c1000 WatcherThread [stack: 0x000000001aef0000,0x000000001aff0000] [id=7784]

VM state:not at safepoint (normal execution)

VM Mutex/Monitor currently owned by a thread: None

Heap:
 PSYoungGen      total 36864K, used 11578K [0x00000000d6e00000, 0x00000000da700000, 0x0000000100000000)
  eden space 28160K, 13% used [0x00000000d6e00000,0x00000000d71d1ca0,0x00000000d8980000)
  from space 8704K, 88% used [0x00000000d8980000,0x00000000d90fce98,0x00000000d9200000)
  to   space 8704K, 0% used [0x00000000d9e80000,0x00000000d9e80000,0x00000000da700000)
 ParOldGen       total 62464K, used 9890K [0x0000000084a00000, 0x0000000088700000, 0x00000000d6e00000)
  object space 62464K, 15% used [0x0000000084a00000,0x00000000853a88c8,0x0000000088700000)
 Metaspace       used 24231K, capacity 24648K, committed 24880K, reserved 1071104K
  class space    used 3103K, capacity 3254K, committed 3376K, reserved 1048576K

Card table byte_map: [0x0000000004a20000,0x0000000004e00000] byte_map_base: 0x00000000045fb000

Marking Bits: (ParMarkBitMap*) 0x0000000070570600
 Begin Bits: [0x0000000014d50000, 0x0000000016c28000)
 End Bits:   [0x0000000016c28000, 0x0000000018b00000)

Polling page: 0x0000000002980000

CodeCache: size=245760Kb used=12008Kb max_used=12021Kb free=233751Kb
 bounds [0x0000000005d50000, 0x0000000006920000, 0x0000000014d50000]
 total_blobs=3850 nmethods=3443 adapters=319
 compilation: enabled

Compilation events (10 events):
Event: 7.826 Thread 0x000000001a447800 3447       3       com.sun.tools.javac.jvm.ClassReader::enterClass (30 bytes)
Event: 7.826 Thread 0x000000001a447800 nmethod 3447 0x0000000006900d90 code [0x0000000006900f20, 0x00000000069012d8]
Event: 7.826 Thread 0x000000001a447800 3445       3       com.sun.tools.javac.comp.Check::checkDeprecated (55 bytes)
Event: 7.827 Thread 0x000000001a447800 nmethod 3445 0x00000000069122d0 code [0x00000000069124c0, 0x0000000006912e78]
Event: 7.827 Thread 0x000000001a447800 3446       3       com.sun.tools.javac.comp.Check::checkSunAPI (31 bytes)
Event: 7.827 Thread 0x000000001a447800 nmethod 3446 0x0000000006905d90 code [0x0000000006905f20, 0x0000000006906268]
Event: 7.828 Thread 0x000000001a447800 3449       1       com.sun.tools.javac.code.Type$PackageType::getTag (4 bytes)
Event: 7.828 Thread 0x000000001a447800 nmethod 3449 0x0000000006900ad0 code [0x0000000006900c20, 0x0000000006900d30]
Event: 7.830 Thread 0x000000001a447800 3450       3       java.util.LinkedHashMap::afterNodeInsertion (40 bytes)
Event: 7.831 Thread 0x000000001a447800 nmethod 3450 0x0000000006913290 code [0x0000000006913420, 0x0000000006913948]

GC Heap History (10 events):
Event: 4.689 GC heap before
{Heap before GC invocations=4 (full 0):
 PSYoungGen      total 36864K, used 36848K [0x00000000d6e00000, 0x00000000d9700000, 0x0000000100000000)
  eden space 31744K, 100% used [0x00000000d6e00000,0x00000000d8d00000,0x00000000d8d00000)
  from space 5120K, 99% used [0x00000000d8d00000,0x00000000d91fc030,0x00000000d9200000)
  to   space 5120K, 0% used [0x00000000d9200000,0x00000000d9200000,0x00000000d9700000)
 ParOldGen       total 84992K, used 4145K [0x0000000084a00000, 0x0000000089d00000, 0x00000000d6e00000)
  object space 84992K, 4% used [0x0000000084a00000,0x0000000084e0c480,0x0000000089d00000)
 Metaspace       used 18678K, capacity 18850K, committed 18944K, reserved 1064960K
  class space    used 2467K, capacity 2553K, committed 2560K, reserved 1048576K
Event: 4.704 GC heap after
Heap after GC invocations=4 (full 0):
 PSYoungGen      total 36864K, used 5104K [0x00000000d6e00000, 0x00000000db600000, 0x0000000100000000)
  eden space 31744K, 0% used [0x00000000d6e00000,0x00000000d6e00000,0x00000000d8d00000)
  from space 5120K, 99% used [0x00000000d9200000,0x00000000d96fc030,0x00000000d9700000)
  to   space 5120K, 0% used [0x00000000d8d00000,0x00000000d8d00000,0x00000000d9200000)
 ParOldGen       total 84992K, used 6051K [0x0000000084a00000, 0x0000000089d00000, 0x00000000d6e00000)
  object space 84992K, 7% used [0x0000000084a00000,0x0000000084fe8ff8,0x0000000089d00000)
 Metaspace       used 18678K, capacity 18850K, committed 18944K, reserved 1064960K
  class space    used 2467K, capacity 2553K, committed 2560K, reserved 1048576K
}
Event: 5.874 GC heap before
{Heap before GC invocations=5 (full 0):
 PSYoungGen      total 36864K, used 36848K [0x00000000d6e00000, 0x00000000db600000, 0x0000000100000000)
  eden space 31744K, 100% used [0x00000000d6e00000,0x00000000d8d00000,0x00000000d8d00000)
  from space 5120K, 99% used [0x00000000d9200000,0x00000000d96fc030,0x00000000d9700000)
  to   space 5120K, 0% used [0x00000000d8d00000,0x00000000d8d00000,0x00000000d9200000)
 ParOldGen       total 84992K, used 6051K [0x0000000084a00000, 0x0000000089d00000, 0x00000000d6e00000)
  object space 84992K, 7% used [0x0000000084a00000,0x0000000084fe8ff8,0x0000000089d00000)
 Metaspace       used 19305K, capacity 19716K, committed 19840K, reserved 1067008K
  class space    used 2513K, capacity 2630K, committed 2688K, reserved 1048576K
Event: 5.895 GC heap after
Heap after GC invocations=5 (full 0):
 PSYoungGen      total 36864K, used 5088K [0x00000000d6e00000, 0x00000000db600000, 0x0000000100000000)
  eden space 31744K, 0% used [0x00000000d6e00000,0x00000000d6e00000,0x00000000d8d00000)
  from space 5120K, 99% used [0x00000000d8d00000,0x00000000d91f8020,0x00000000d9200000)
  to   space 5120K, 0% used [0x00000000d9200000,0x00000000d9200000,0x00000000d9700000)
 ParOldGen       total 84992K, used 8247K [0x0000000084a00000, 0x0000000089d00000, 0x00000000d6e00000)
  object space 84992K, 9% used [0x0000000084a00000,0x000000008520dc48,0x0000000089d00000)
 Metaspace       used 19305K, capacity 19716K, committed 19840K, reserved 1067008K
  class space    used 2513K, capacity 2630K, committed 2688K, reserved 1048576K
}
Event: 6.728 GC heap before
{Heap before GC invocations=6 (full 0):
 PSYoungGen      total 36864K, used 24653K [0x00000000d6e00000, 0x00000000db600000, 0x0000000100000000)
  eden space 31744K, 61% used [0x00000000d6e00000,0x00000000d811b668,0x00000000d8d00000)
  from space 5120K, 99% used [0x00000000d8d00000,0x00000000d91f8020,0x00000000d9200000)
  to   space 5120K, 0% used [0x00000000d9200000,0x00000000d9200000,0x00000000d9700000)
 ParOldGen       total 84992K, used 8247K [0x0000000084a00000, 0x0000000089d00000, 0x00000000d6e00000)
  object space 84992K, 9% used [0x0000000084a00000,0x000000008520dc48,0x0000000089d00000)
 Metaspace       used 20789K, capacity 21224K, committed 21296K, reserved 1067008K
  class space    used 2691K, capacity 2838K, committed 2864K, reserved 1048576K
Event: 6.743 GC heap after
Heap after GC invocations=6 (full 0):
 PSYoungGen      total 33280K, used 5104K [0x00000000d6e00000, 0x00000000dbd00000, 0x0000000100000000)
  eden space 28160K, 0% used [0x00000000d6e00000,0x00000000d6e00000,0x00000000d8980000)
  from space 5120K, 99% used [0x00000000d9200000,0x00000000d96fc010,0x00000000d9700000)
  to   space 8704K, 0% used [0x00000000d8980000,0x00000000d8980000,0x00000000d9200000)
 ParOldGen       total 84992K, used 9594K [0x0000000084a00000, 0x0000000089d00000, 0x00000000d6e00000)
  object space 84992K, 11% used [0x0000000084a00000,0x000000008535e918,0x0000000089d00000)
 Metaspace       used 20789K, capacity 21224K, committed 21296K, reserved 1067008K
  class space    used 2691K, capacity 2838K, committed 2864K, reserved 1048576K
}
Event: 6.743 GC heap before
{Heap before GC invocations=7 (full 1):
 PSYoungGen      total 33280K, used 5104K [0x00000000d6e00000, 0x00000000dbd00000, 0x0000000100000000)
  eden space 28160K, 0% used [0x00000000d6e00000,0x00000000d6e00000,0x00000000d8980000)
  from space 5120K, 99% used [0x00000000d9200000,0x00000000d96fc010,0x00000000d9700000)
  to   space 8704K, 0% used [0x00000000d8980000,0x00000000d8980000,0x00000000d9200000)
 ParOldGen       total 84992K, used 9594K [0x0000000084a00000, 0x0000000089d00000, 0x00000000d6e00000)
  object space 84992K, 11% used [0x0000000084a00000,0x000000008535e918,0x0000000089d00000)
 Metaspace       used 20789K, capacity 21224K, committed 21296K, reserved 1067008K
  class space    used 2691K, capacity 2838K, committed 2864K, reserved 1048576K
Event: 6.833 GC heap after
Heap after GC invocations=7 (full 1):
 PSYoungGen      total 33280K, used 0K [0x00000000d6e00000, 0x00000000dbd00000, 0x0000000100000000)
  eden space 28160K, 0% used [0x00000000d6e00000,0x00000000d6e00000,0x00000000d8980000)
  from space 5120K, 0% used [0x00000000d9200000,0x00000000d9200000,0x00000000d9700000)
  to   space 8704K, 0% used [0x00000000d8980000,0x00000000d8980000,0x00000000d9200000)
 ParOldGen       total 62464K, used 9882K [0x0000000084a00000, 0x0000000088700000, 0x00000000d6e00000)
  object space 62464K, 15% used [0x0000000084a00000,0x00000000853a68c8,0x0000000088700000)
 Metaspace       used 20789K, capacity 21224K, committed 21296K, reserved 1067008K
  class space    used 2691K, capacity 2838K, committed 2864K, reserved 1048576K
}
Event: 7.706 GC heap before
{Heap before GC invocations=8 (full 1):
 PSYoungGen      total 33280K, used 28160K [0x00000000d6e00000, 0x00000000dbd00000, 0x0000000100000000)
  eden space 28160K, 100% used [0x00000000d6e00000,0x00000000d8980000,0x00000000d8980000)
  from space 5120K, 0% used [0x00000000d9200000,0x00000000d9200000,0x00000000d9700000)
  to   space 8704K, 0% used [0x00000000d8980000,0x00000000d8980000,0x00000000d9200000)
 ParOldGen       total 62464K, used 9882K [0x0000000084a00000, 0x0000000088700000, 0x00000000d6e00000)
  object space 62464K, 15% used [0x0000000084a00000,0x00000000853a68c8,0x0000000088700000)
 Metaspace       used 24105K, capacity 24552K, committed 24752K, reserved 1071104K
  class space    used 3100K, capacity 3222K, committed 3248K, reserved 1048576K
Event: 7.715 GC heap after
Heap after GC invocations=8 (full 1):
 PSYoungGen      total 36864K, used 7667K [0x00000000d6e00000, 0x00000000da700000, 0x0000000100000000)
  eden space 28160K, 0% used [0x00000000d6e00000,0x00000000d6e00000,0x00000000d8980000)
  from space 8704K, 88% used [0x00000000d8980000,0x00000000d90fce98,0x00000000d9200000)
  to   space 8704K, 0% used [0x00000000d9e80000,0x00000000d9e80000,0x00000000da700000)
 ParOldGen       total 62464K, used 9890K [0x0000000084a00000, 0x0000000088700000, 0x00000000d6e00000)
  object space 62464K, 15% used [0x0000000084a00000,0x00000000853a88c8,0x0000000088700000)
 Metaspace       used 24105K, capacity 24552K, committed 24752K, reserved 1071104K
  class space    used 3100K, capacity 3222K, committed 3248K, reserved 1048576K
}

Deoptimization events (10 events):
Event: 6.582 Thread 0x0000000004566800 Uncommon trap: reason=unstable_if action=reinterpret pc=0x0000000005e8dc48 method=java.net.URI.match(CJJ)Z @ 19
Event: 7.118 Thread 0x0000000004566800 Uncommon trap: reason=unstable_if action=reinterpret pc=0x00000000067baa1c method=java.util.StringTokenizer.setMaxDelimCodePoint()V @ 71
Event: 7.213 Thread 0x0000000004566800 Uncommon trap: reason=unstable_if action=reinterpret pc=0x00000000067bb070 method=java.util.StringTokenizer.setMaxDelimCodePoint()V @ 71
Event: 7.329 Thread 0x0000000004566800 Uncommon trap: reason=unstable_if action=reinterpret pc=0x00000000067f2408 method=com.sun.tools.javac.parser.UnicodeReader.scanChar()V @ 37
Event: 7.360 Thread 0x0000000004566800 Uncommon trap: reason=unstable_if action=reinterpret pc=0x00000000067dd974 method=java.util.jar.Attributes$Name.isDigit(C)Z @ 3
Event: 7.362 Thread 0x0000000004566800 Uncommon trap: reason=unstable_if action=reinterpret pc=0x00000000066307e4 method=java.util.jar.Manifest$FastInputStream.readLine([BII)I @ 87
Event: 7.457 Thread 0x0000000004566800 Uncommon trap: reason=unstable_if action=reinterpret pc=0x0000000006112578 method=java.io.WinNTFileSystem.normalize(Ljava/lang/String;)Ljava/lang/String; @ 128
Event: 7.530 Thread 0x0000000004566800 Uncommon trap: reason=unstable_if action=reinterpret pc=0x00000000060d7614 method=java.io.WinNTFileSystem.normalize(Ljava/lang/String;)Ljava/lang/String; @ 128
Event: 7.544 Thread 0x0000000004566800 Uncommon trap: reason=unstable_if action=reinterpret pc=0x00000000062e7a10 method=java.util.LinkedHashMap.afterNodeInsertion(Z)V @ 18
Event: 7.621 Thread 0x0000000004566800 Uncommon trap: reason=unstable_if action=reinterpret pc=0x000000000686f030 method=com.sun.tools.javac.util.Name$Table.equals([BI[BII)Z @ 22

Internal exceptions (10 events):
Event: 7.424 Thread 0x0000000004566800 Exception <a 'java/io/FileNotFoundException'> (0x00000000d7e9cf30) thrown at [C:\re\workspace\8-2-build-windows-amd64-cygwin\jdk8u74\6087\hotspot\src\share\vm\prims\jni.cpp, line 709]
Event: 7.461 Thread 0x0000000004566800 Exception <a 'java/io/FileNotFoundException'> (0x00000000d81ac3e8) thrown at [C:\re\workspace\8-2-build-windows-amd64-cygwin\jdk8u74\6087\hotspot\src\share\vm\prims\jni.cpp, line 709]
Event: 7.461 Thread 0x0000000004566800 Exception <a 'java/io/FileNotFoundException'> (0x00000000d81ad4e0) thrown at [C:\re\workspace\8-2-build-windows-amd64-cygwin\jdk8u74\6087\hotspot\src\share\vm\prims\jni.cpp, line 709]
Event: 7.461 Thread 0x0000000004566800 Exception <a 'java/io/FileNotFoundException'> (0x00000000d81ae5c8) thrown at [C:\re\workspace\8-2-build-windows-amd64-cygwin\jdk8u74\6087\hotspot\src\share\vm\prims\jni.cpp, line 709]
Event: 7.461 Thread 0x0000000004566800 Exception <a 'java/io/FileNotFoundException'> (0x00000000d81af6e8) thrown at [C:\re\workspace\8-2-build-windows-amd64-cygwin\jdk8u74\6087\hotspot\src\share\vm\prims\jni.cpp, line 709]
Event: 7.462 Thread 0x0000000004566800 Exception <a 'java/io/FileNotFoundException'> (0x00000000d81b0930) thrown at [C:\re\workspace\8-2-build-windows-amd64-cygwin\jdk8u74\6087\hotspot\src\share\vm\prims\jni.cpp, line 709]
Event: 7.462 Thread 0x0000000004566800 Exception <a 'java/io/FileNotFoundException'> (0x00000000d81b1a30) thrown at [C:\re\workspace\8-2-build-windows-amd64-cygwin\jdk8u74\6087\hotspot\src\share\vm\prims\jni.cpp, line 709]
Event: 7.462 Thread 0x0000000004566800 Exception <a 'java/io/FileNotFoundException'> (0x00000000d81b2a90) thrown at [C:\re\workspace\8-2-build-windows-amd64-cygwin\jdk8u74\6087\hotspot\src\share\vm\prims\jni.cpp, line 709]
Event: 7.462 Thread 0x0000000004566800 Exception <a 'java/io/FileNotFoundException'> (0x00000000d81b3af8) thrown at [C:\re\workspace\8-2-build-windows-amd64-cygwin\jdk8u74\6087\hotspot\src\share\vm\prims\jni.cpp, line 709]
Event: 7.462 Thread 0x0000000004566800 Exception <a 'java/io/FileNotFoundException'> (0x00000000d81b4bc8) thrown at [C:\re\workspace\8-2-build-windows-amd64-cygwin\jdk8u74\6087\hotspot\src\share\vm\prims\jni.cpp, line 709]

Events (10 events):
Event: 7.757 loading class com/sun/tools/javac/code/SymbolMetadata
Event: 7.757 loading class com/sun/tools/javac/code/SymbolMetadata done
Event: 7.758 loading class com/sun/tools/javac/comp/MemberEnter$5
Event: 7.758 loading class com/sun/tools/javac/comp/MemberEnter$5 done
Event: 7.759 loading class com/sun/tools/javac/comp/MemberEnter$6
Event: 7.759 loading class com/sun/tools/javac/comp/MemberEnter$6 done
Event: 7.791 loading class com/sun/tools/javac/comp/MemberEnter$3
Event: 7.791 loading class com/sun/tools/javac/comp/MemberEnter$3 done
Event: 7.792 loading class com/sun/tools/javac/comp/MemberEnter$4
Event: 7.792 loading class com/sun/tools/javac/comp/MemberEnter$4 done


Dynamic libraries:
0x00007ff7ffe20000 - 0x00007ff7ffe57000 	C:\Program Files\Java\jdk1.8.0_74\bin\javaw.exe
0x00007ffbff620000 - 0x00007ffbff7cd000 	C:\windows\SYSTEM32\ntdll.dll
0x00007ffbfd5d0000 - 0x00007ffbfd70a000 	C:\windows\system32\KERNEL32.DLL
0x00007ffbfcb70000 - 0x00007ffbfcc85000 	C:\windows\system32\KERNELBASE.dll
0x00007ffbfaea0000 - 0x00007ffbfaf28000 	C:\windows\system32\apphelp.dll
0x00007ffbf74f0000 - 0x00007ffbf753f000 	C:\windows\AppPatch\AppPatch64\AcGenral.DLL
0x00007ffbff070000 - 0x00007ffbff117000 	C:\windows\system32\msvcrt.dll
0x00007ffbfc860000 - 0x00007ffbfc88e000 	C:\windows\system32\SspiCli.dll
0x00007ffbff420000 - 0x00007ffbff471000 	C:\windows\system32\SHLWAPI.dll
0x00007ffbff200000 - 0x00007ffbff377000 	C:\windows\system32\USER32.dll
0x00007ffbff480000 - 0x00007ffbff614000 	C:\windows\system32\ole32.dll
0x00007ffbfdb40000 - 0x00007ffbff069000 	C:\windows\system32\SHELL32.dll
0x00007ffbfbd60000 - 0x00007ffbfbd7e000 	C:\windows\SYSTEM32\USERENV.dll
0x00007ffbfd2b0000 - 0x00007ffbfd35a000 	C:\windows\system32\ADVAPI32.dll
0x00007ffbf0880000 - 0x00007ffbf089b000 	C:\windows\SYSTEM32\MPR.dll
0x00007ffbfd710000 - 0x00007ffbfd850000 	C:\windows\system32\RPCRT4.dll
0x00007ffbff380000 - 0x00007ffbff3d9000 	C:\windows\SYSTEM32\sechost.dll
0x00007ffbfd860000 - 0x00007ffbfda72000 	C:\windows\SYSTEM32\combase.dll
0x00007ffbfcd00000 - 0x00007ffbfce4b000 	C:\windows\system32\GDI32.dll
0x00007ffbfc790000 - 0x00007ffbfc7a4000 	C:\windows\SYSTEM32\profapi.dll
0x00007ffbfae00000 - 0x00007ffbfae9f000 	C:\windows\SYSTEM32\SHCORE.dll
0x00007ffbff3e0000 - 0x00007ffbff414000 	C:\windows\system32\IMM32.DLL
0x00007ffbfd470000 - 0x00007ffbfd5c1000 	C:\windows\system32\MSCTF.dll
0x00007ffbf0fc0000 - 0x00007ffbf0fcc000 	C:\windows\KATRK64.DLL
0x00007ffbf9610000 - 0x00007ffbf9621000 	C:\windows\SYSTEM32\WTSAPI32.dll
0x00000000741f0000 - 0x000000007427e000 	C:\windows\System32\SYSFER.DLL
0x00007ffbfa730000 - 0x00007ffbfa9aa000 	C:\windows\WinSxS\amd64_microsoft.windows.common-controls_6595b64144ccf1df_6.0.9600.17810_none_6240b9c7ecbd0bda\COMCTL32.dll
0x00007ffbfc5a0000 - 0x00007ffbfc781000 	C:\Program Files (x86)\dynatrace\oneagent\agent\lib64\oneagentproc.dll
0x00007ffbfc4f0000 - 0x00007ffbfc4fa000 	C:\windows\SYSTEM32\CRYPTBASE.DLL
0x00007ffbfc480000 - 0x00007ffbfc4e3000 	C:\windows\SYSTEM32\bcryptPrimitives.dll
0x00007ffbde170000 - 0x00007ffbde1d2000 	C:\Program Files (x86)\Manufacturer\Endpoint Agent\prntm64.dll
0x00007ffbf7880000 - 0x00007ffbf788b000 	C:\windows\SYSTEM32\Secur32.dll
0x00007ffbf6d60000 - 0x00007ffbf6de2000 	C:\windows\SYSTEM32\WINSPOOL.DRV
0x00000000705f0000 - 0x00000000706c2000 	C:\Program Files\Java\jdk1.8.0_74\bin\MSVCR100.dll
0x0000000073de0000 - 0x0000000073e78000 	C:\windows\SYSTEM32\MSVCP100.dll
0x00000000706d0000 - 0x00000000707a2000 	C:\Program Files\Java\jdk1.8.0_74\jre\bin\msvcr100.dll
0x000000006fd60000 - 0x00000000705f0000 	C:\Program Files\Java\jdk1.8.0_74\jre\bin\server\jvm.dll
0x00007ffbf0fb0000 - 0x00007ffbf0fb9000 	C:\windows\SYSTEM32\WSOCK32.dll
0x00007ffbec390000 - 0x00007ffbec3af000 	C:\windows\SYSTEM32\WINMM.dll
0x00007ffbf21a0000 - 0x00007ffbf21aa000 	C:\windows\SYSTEM32\VERSION.dll
0x00007ffbff120000 - 0x00007ffbff127000 	C:\windows\system32\PSAPI.DLL
0x00007ffbfd360000 - 0x00007ffbfd3ba000 	C:\windows\system32\WS2_32.dll
0x00007ffbec360000 - 0x00007ffbec38a000 	C:\windows\SYSTEM32\WINMMBASE.dll
0x00007ffbfd240000 - 0x00007ffbfd249000 	C:\windows\system32\NSI.dll
0x00007ffbfc890000 - 0x00007ffbfc8da000 	C:\windows\SYSTEM32\cfgmgr32.dll
0x00007ffbfb400000 - 0x00007ffbfb426000 	C:\windows\SYSTEM32\DEVOBJ.dll
0x00000000735d0000 - 0x00000000735df000 	C:\Program Files\Java\jdk1.8.0_74\jre\bin\verify.dll
0x0000000070c70000 - 0x0000000070c99000 	C:\Program Files\Java\jdk1.8.0_74\jre\bin\java.dll
0x00007ffbccb60000 - 0x00007ffbcd09e000 	C:\PROGRA~2\dynatrace\oneagent\agent\lib64\oneagentloader.dll
0x00007ffbfd250000 - 0x00007ffbfd2ac000 	C:\windows\system32\WLDAP32.dll
0x00007ffbf0850000 - 0x00007ffbf0864000 	C:\windows\system32\napinsp.dll
0x00007ffbf0830000 - 0x00007ffbf0849000 	C:\windows\system32\pnrpnsp.dll
0x00007ffbf9370000 - 0x00007ffbf938b000 	C:\windows\system32\NLAapi.dll
0x00007ffbfbf30000 - 0x00007ffbfbf89000 	C:\windows\System32\mswsock.dll
0x00007ffbfbb70000 - 0x00007ffbfbc14000 	C:\windows\SYSTEM32\DNSAPI.dll
0x00007ffbf0820000 - 0x00007ffbf082c000 	C:\windows\System32\winrnr.dll
0x00007ffbf0aa0000 - 0x00007ffbf0ab3000 	C:\windows\system32\wshbth.dll
0x00007ffbf0a70000 - 0x00007ffbf0a91000 	C:\windows\FireEye\NamespaceToEvents_00.dll
0x00007ffba9de0000 - 0x00007ffbaaa56000 	C:\PROGRA~2\dynatrace\oneagent\agent\lib64\oneagentjava.dll
0x00007ffbf7ef0000 - 0x00007ffbf7f1a000 	C:\windows\SYSTEM32\IPHLPAPI.DLL
0x00007ffbf95d0000 - 0x00007ffbf95da000 	C:\windows\SYSTEM32\WINNSI.DLL
0x00007ffbf5850000 - 0x00007ffbf5864000 	C:\windows\SYSTEM32\dhcpcsvc6.DLL
0x00007ffbf5b50000 - 0x00007ffbf5b69000 	C:\windows\SYSTEM32\dhcpcsvc.DLL
0x00007ffbfb3f0000 - 0x00007ffbfb3fa000 	C:\windows\SYSTEM32\kernel.appcore.dll
0x00007ffbf0a60000 - 0x00007ffbf0a69000 	C:\Windows\System32\rasadhlp.dll
0x00007ffbf9630000 - 0x00007ffbf9660000 	C:\windows\SYSTEM32\ntmarta.dll
0x0000000070c50000 - 0x0000000070c66000 	C:\Program Files\Java\jdk1.8.0_74\jre\bin\zip.dll
0x0000000070c30000 - 0x0000000070c4a000 	C:\Program Files\Java\jdk1.8.0_74\jre\bin\net.dll
0x0000000070c10000 - 0x0000000070c21000 	C:\Program Files\Java\jdk1.8.0_74\jre\bin\nio.dll

VM Arguments:
jvm_args: -Dmaven.home=EMBEDDED -Dclassworlds.conf=C:\Users\silambarasan_a\Documents\workspace-sts-3.9.0.RELEASE\.metadata\.plugins\org.eclipse.m2e.launching\launches\m2conf1966138288103230350.tmp -Dmaven.multiModuleProjectDirectory=D:\simbu\openshift code\code2\Microservices-master\Microservices-master -Dfile.encoding=Cp1252 -agentpath:C:/PROGRA~2/dynatrace/oneagent/agent/lib64/oneagentloader.dll 
java_command: org.codehaus.plexus.classworlds.launcher.Launcher -Pdev -B -Dmaven.test.skip=true -DskipTests clean compile install
java_class_path (initial): /D:/software/spring-tool-suite-3.9.0.RELEASE-e4.7.0-win32-x86_64/sts-bundle/sts-3.9.0.RELEASE/plugins/org.eclipse.m2e.maven.runtime_1.8.0.20170516-2042/jars/plexus-classworlds-2.5.2.jar
Launcher Type: SUN_STANDARD

Environment Variables:
JAVA_HOME=C:\Program Files\Java\jdk1.8.0_74
CLASSPATH=.;C:\PROGRA~1\IBM\SQLLIB\java\db2java.zip;C:\PROGRA~1\IBM\SQLLIB\java\db2jcc.jar;C:\PROGRA~1\IBM\SQLLIB\java\sqlj.zip;C:\PROGRA~1\IBM\SQLLIB\java\db2jcc_license_cu.jar;C:\PROGRA~1\IBM\SQLLIB\bin;C:\PROGRA~1\IBM\SQLLIB\java\common.jar
PATH=C:/Program Files/Java/jre1.8.0_74/bin/server;C:/Program Files/Java/jre1.8.0_74/bin;C:/Program Files/Java/jre1.8.0_74/lib/amd64;C:\ProgramData\Oracle\Java\javapath;C:\windows\system32;C:\windows;C:\windows\System32\Wbem;C:\windows\System32\WindowsPowerShell\v1.0\;C:\Program Files\ibm\gsk8\lib64;C:\Program Files (x86)\ibm\gsk8\lib;C:\PROGRA~1\IBM\SQLLIB\BIN;C:\PROGRA~1\IBM\SQLLIB\FUNCTION;C:\PROGRA~1\IBM\SQLLIB\SAMPLES\REPL;%PY_HOME%;%PY_HOME%\Lib;%PY_HOME%\DLLs;%PY_HOME%\Lib\lib-tk;D:\MongoDB\Server\3.2\bin;D:\software\apache-maven-3.3.9-bin\apache-maven-3.3.9\bin;%CATALINA_HOME%\bin;C:\Program Files\nodejs\;C:\Users\silambarasan_a\AppData\Roaming\npm;C:\Program Files (x86)\Brackets\command;C:\windows\system32\config\systemprofile\.dnx\bin;C:\Program Files\Microsoft DNX\Dnvm\;C:\Program Files\Microsoft SQL Server\120\Tools\Binn\;C:\Program Files (x86)\Microsoft SQL Server\120\DTS\Binn\;C:\Program Files (x86)\Microsoft SQL Server\Client SDK\ODBC\110\Tools\Binn\;C:\Program Files (x86)\Microsoft SQL Server\120\Tools\Binn\;C:\Program Files (x86)\Microsoft SQL Server\120\Tools\Binn\ManagementStudio\;C:\Program Files (x86)\Windows Kits\8.1\Windows Performance Toolkit\;D:\software\kafka_setup\kafka_setup\zookeeper-3.4.6\bin;C:\Users\silambarasan_a\.dnx\bin;C:\Users\silambarasan_a\AppData\Roaming\npm;D:\software\spring-tool-suite-3.9.0.RELEASE-e4.7.0-win32-x86_64\sts-bundle\sts-3.9.0.RELEASE;
USERNAME=silambarasan_a
OS=Windows_NT
PROCESSOR_IDENTIFIER=Intel64 Family 6 Model 61 Stepping 4, GenuineIntel



---------------  S Y S T E M  ---------------

OS: Windows 8.1 , 64 bit Build 9600 (6.3.9600.17056)

CPU:total 4 (2 cores per cpu, 2 threads per core) family 6 model 61 stepping 4, cmov, cx8, fxsr, mmx, sse, sse2, sse3, ssse3, sse4.1, sse4.2, popcnt, avx, avx2, aes, clmul, erms, 3dnowpref, lzcnt, ht, tsc, tscinvbit, bmi1, bmi2, adx

Memory: 4k page, physical 8077532k(1352844k free), swap 10736960k(53728k free)

vm_info: Java HotSpot(TM) 64-Bit Server VM (25.74-b02) for windows-amd64 JRE (1.8.0_74-b02), built on Jan 29 2016 17:42:36 by "java_re" with MS VC++ 10.0 (VS2010)

time: Wed Dec 06 16:46:03 2017
elapsed time: 7 seconds (0d 0h 0m 7s)

