#
# There is insufficient memory for the Java Runtime Environment to continue.
# Native memory allocation (malloc) failed to allocate 738736 bytes for Chunk::new
# Possible reasons:
#   The system is out of physical RAM or swap space
#   In 32 bit mode, the process size limit was hit
# Possible solutions:
#   Reduce memory load on the system
#   Increase physical memory or swap space
#   Check if swap backing store is full
#   Use 64 bit Java on a 64 bit OS
#   Decrease Java heap size (-Xmx/-Xms)
#   Decrease number of Java threads
#   Decrease Java thread stack sizes (-Xss)
#   Set larger code cache with -XX:ReservedCodeCacheSize=
# This output file may be truncated or incomplete.
#
#  Out of Memory Error (allocation.cpp:390), pid=7368, tid=13384
#
# JRE version: Java(TM) SE Runtime Environment (8.0_74-b02) (build 1.8.0_74-b02)
# Java VM: Java HotSpot(TM) 64-Bit Server VM (25.74-b02 mixed mode windows-amd64 compressed oops)
# Failed to write core dump. Minidumps are not enabled by default on client versions of Windows
#

---------------  T H R E A D  ---------------

Current thread (0x000000001a2f4800):  JavaThread "C2 CompilerThread0" daemon [_thread_in_native, id=13384, stack(0x000000001a9c0000,0x000000001aac0000)]

Stack: [0x000000001a9c0000,0x000000001aac0000]
[error occurred during error reporting (printing stack bounds), id 0xc0000005]

Native frames: (J=compiled Java code, j=interpreted, Vv=VM code, C=native code)


Current CompileTask:
C2:   4731 2207       4       org.codehaus.plexus.util.xml.Xpp3Dom::<init> (131 bytes)


---------------  P R O C E S S  ---------------

Java Threads: ( => current thread )
  0x000000001aec0800 JavaThread "oneagentsubpathsender" daemon [_thread_in_native, id=11960, stack(0x00000000039a0000,0x0000000003aa0000)]
  0x000000001a58e000 JavaThread "oneagentautosensor" daemon [_thread_in_native, id=16232, stack(0x00000000042a0000,0x00000000043a0000)]
  0x000000001a38a000 JavaThread "Service Thread" daemon [_thread_blocked, id=10656, stack(0x000000001acc0000,0x000000001adc0000)]
  0x000000001a30e800 JavaThread "C1 CompilerThread2" daemon [_thread_in_vm, id=232, stack(0x000000001abc0000,0x000000001acc0000)]
  0x000000001a30d000 JavaThread "C2 CompilerThread1" daemon [_thread_in_native, id=15836, stack(0x000000001aac0000,0x000000001abc0000)]
=>0x000000001a2f4800 JavaThread "C2 CompilerThread0" daemon [_thread_in_native, id=13384, stack(0x000000001a9c0000,0x000000001aac0000)]
  0x000000001a30a000 JavaThread "Attach Listener" daemon [_thread_blocked, id=17168, stack(0x000000001a8c0000,0x000000001a9c0000)]
  0x000000001a309800 JavaThread "Signal Dispatcher" daemon [_thread_blocked, id=1184, stack(0x000000001a7c0000,0x000000001a8c0000)]
  0x000000001a2c8000 JavaThread "Finalizer" daemon [_thread_blocked, id=8712, stack(0x000000001a6c0000,0x000000001a7c0000)]
  0x000000001a2be000 JavaThread "Reference Handler" daemon [_thread_blocked, id=9944, stack(0x000000001a5c0000,0x000000001a6c0000)]
  0x00000000044a6800 JavaThread "main" [_thread_in_native, id=2840, stack(0x0000000002ad0000,0x0000000002bd0000)]

Other Threads:
  0x000000000592f000 VMThread [stack: 0x000000001a0c0000,0x000000001a1c0000] [id=12792]
  0x000000001a34b000 WatcherThread [stack: 0x000000001adc0000,0x000000001aec0000] [id=10808]

VM state:not at safepoint (normal execution)

VM Mutex/Monitor currently owned by a thread: None

Heap:
 PSYoungGen      total 68608K, used 62503K [0x00000000d6e00000, 0x00000000db600000, 0x0000000100000000)
  eden space 63488K, 90% used [0x00000000d6e00000,0x00000000da60aa78,0x00000000dac00000)
  from space 5120K, 99% used [0x00000000db100000,0x00000000db5ff278,0x00000000db600000)
  to   space 5120K, 0% used [0x00000000dac00000,0x00000000dac00000,0x00000000db100000)
 ParOldGen       total 84992K, used 1522K [0x0000000084a00000, 0x0000000089d00000, 0x00000000d6e00000)
  object space 84992K, 1% used [0x0000000084a00000,0x0000000084b7c808,0x0000000089d00000)
 Metaspace       used 18314K, capacity 18542K, committed 18688K, reserved 1064960K
  class space    used 2414K, capacity 2517K, committed 2560K, reserved 1048576K

Card table byte_map: [0x0000000004960000,0x0000000004d40000] byte_map_base: 0x000000000453b000

Marking Bits: (ParMarkBitMap*) 0x0000000070570600
 Begin Bits: [0x0000000014d10000, 0x0000000016be8000)
 End Bits:   [0x0000000016be8000, 0x0000000018ac0000)

Polling page: 0x0000000000d60000

CodeCache: size=245760Kb used=7807Kb max_used=7807Kb free=237952Kb
 bounds [0x0000000005d10000, 0x00000000064c0000, 0x0000000014d10000]
 total_blobs=2699 nmethods=2324 adapters=287
 compilation: enabled

Compilation events (10 events):
Event: 4.704 Thread 0x000000001a30e800 nmethod 2310 0x00000000064b0290 code [0x00000000064b0400, 0x00000000064b0710]
Event: 4.704 Thread 0x000000001a30e800 2312       3       org.eclipse.aether.repository.RepositoryPolicy::hashCode (49 bytes)
Event: 4.704 Thread 0x000000001a30e800 nmethod 2312 0x00000000064afcd0 code [0x00000000064afe40, 0x00000000064b0198]
Event: 4.704 Thread 0x000000001a30e800 2311       3       java.util.Collections$SingletonList::<init> (10 bytes)
Event: 4.704 Thread 0x000000001a30e800 nmethod 2311 0x00000000064abd10 code [0x00000000064abe80, 0x00000000064ac110]
Event: 4.704 Thread 0x000000001a30d000 nmethod 2308 0x00000000064ae450 code [0x00000000064ae5a0, 0x00000000064ae698]
Event: 4.706 Thread 0x000000001a30e800 2313       1       org.eclipse.aether.resolution.VersionRangeResult::getVersionConstraint (5 bytes)
Event: 4.707 Thread 0x000000001a30e800 nmethod 2313 0x00000000064ae190 code [0x00000000064ae2e0, 0x00000000064ae3f0]
Event: 4.708 Thread 0x000000001a30e800 2314   !   3       java.io.FileInputStream::close (62 bytes)
Event: 4.709 Thread 0x000000001a30e800 nmethod 2314 0x00000000064ad790 code [0x00000000064ad920, 0x00000000064adf98]

GC Heap History (4 events):
Event: 1.988 GC heap before
{Heap before GC invocations=1 (full 0):
 PSYoungGen      total 36864K, used 31744K [0x00000000d6e00000, 0x00000000d9700000, 0x0000000100000000)
  eden space 31744K, 100% used [0x00000000d6e00000,0x00000000d8d00000,0x00000000d8d00000)
  from space 5120K, 0% used [0x00000000d9200000,0x00000000d9200000,0x00000000d9700000)
  to   space 5120K, 0% used [0x00000000d8d00000,0x00000000d8d00000,0x00000000d9200000)
 ParOldGen       total 84992K, used 0K [0x0000000084a00000, 0x0000000089d00000, 0x00000000d6e00000)
  object space 84992K, 0% used [0x0000000084a00000,0x0000000084a00000,0x0000000089d00000)
 Metaspace       used 11153K, capacity 11324K, committed 11392K, reserved 1058816K
  class space    used 1563K, capacity 1624K, committed 1664K, reserved 1048576K
Event: 2.004 GC heap after
Heap after GC invocations=1 (full 0):
 PSYoungGen      total 36864K, used 4635K [0x00000000d6e00000, 0x00000000db600000, 0x0000000100000000)
  eden space 31744K, 0% used [0x00000000d6e00000,0x00000000d6e00000,0x00000000d8d00000)
  from space 5120K, 90% used [0x00000000d8d00000,0x00000000d9186c68,0x00000000d9200000)
  to   space 5120K, 0% used [0x00000000db100000,0x00000000db100000,0x00000000db600000)
 ParOldGen       total 84992K, used 144K [0x0000000084a00000, 0x0000000089d00000, 0x00000000d6e00000)
  object space 84992K, 0% used [0x0000000084a00000,0x0000000084a24010,0x0000000089d00000)
 Metaspace       used 11153K, capacity 11324K, committed 11392K, reserved 1058816K
  class space    used 1563K, capacity 1624K, committed 1664K, reserved 1048576K
}
Event: 2.896 GC heap before
{Heap before GC invocations=2 (full 0):
 PSYoungGen      total 36864K, used 36379K [0x00000000d6e00000, 0x00000000db600000, 0x0000000100000000)
  eden space 31744K, 100% used [0x00000000d6e00000,0x00000000d8d00000,0x00000000d8d00000)
  from space 5120K, 90% used [0x00000000d8d00000,0x00000000d9186c68,0x00000000d9200000)
  to   space 5120K, 0% used [0x00000000db100000,0x00000000db100000,0x00000000db600000)
 ParOldGen       total 84992K, used 144K [0x0000000084a00000, 0x0000000089d00000, 0x00000000d6e00000)
  object space 84992K, 0% used [0x0000000084a00000,0x0000000084a24010,0x0000000089d00000)
 Metaspace       used 14374K, capacity 14562K, committed 14720K, reserved 1062912K
  class space    used 1967K, capacity 2083K, committed 2176K, reserved 1048576K
Event: 2.904 GC heap after
Heap after GC invocations=2 (full 0):
 PSYoungGen      total 68608K, used 5116K [0x00000000d6e00000, 0x00000000db600000, 0x0000000100000000)
  eden space 63488K, 0% used [0x00000000d6e00000,0x00000000d6e00000,0x00000000dac00000)
  from space 5120K, 99% used [0x00000000db100000,0x00000000db5ff278,0x00000000db600000)
  to   space 5120K, 0% used [0x00000000dac00000,0x00000000dac00000,0x00000000db100000)
 ParOldGen       total 84992K, used 1522K [0x0000000084a00000, 0x0000000089d00000, 0x00000000d6e00000)
  object space 84992K, 1% used [0x0000000084a00000,0x0000000084b7c808,0x0000000089d00000)
 Metaspace       used 14374K, capacity 14562K, committed 14720K, reserved 1062912K
  class space    used 1967K, capacity 2083K, committed 2176K, reserved 1048576K
}

Deoptimization events (10 events):
Event: 4.325 Thread 0x00000000044a6800 Uncommon trap: reason=class_check action=maybe_recompile pc=0x000000000639d50c method=java.util.regex.Pattern$CharProperty$1.isSatisfiedBy(I)Z @ 5
Event: 4.325 Thread 0x00000000044a6800 Uncommon trap: reason=class_check action=maybe_recompile pc=0x000000000639d4fc method=java.util.regex.Pattern$7.isSatisfiedBy(I)Z @ 16
Event: 4.325 Thread 0x00000000044a6800 Uncommon trap: reason=class_check action=maybe_recompile pc=0x000000000639d4fc method=java.util.regex.Pattern$7.isSatisfiedBy(I)Z @ 16
Event: 4.374 Thread 0x00000000044a6800 Uncommon trap: reason=unstable_if action=reinterpret pc=0x0000000006380ce4 method=org.codehaus.plexus.util.xml.pull.MXParser.nextImpl()I @ 306
Event: 4.499 Thread 0x00000000044a6800 Uncommon trap: reason=unstable_if action=reinterpret pc=0x000000000645047c method=org.codehaus.plexus.util.xml.pull.MXParser.nextImpl()I @ 280
Event: 4.676 Thread 0x00000000044a6800 Uncommon trap: reason=class_check action=maybe_recompile pc=0x0000000006442bfc method=org.apache.maven.model.interpolation.StringSearchModelInterpolator$InterpolateObjectAction$MapField.doInterpolate(Ljava/lang/Object;Lorg/apache/maven/model/interpolation/C­f´@
Event: 4.676 Thread 0x00000000044a6800 Uncommon trap: reason=class_check action=maybe_recompile pc=0x0000000006442bfc method=org.apache.maven.model.interpolation.StringSearchModelInterpolator$InterpolateObjectAction$MapField.doInterpolate(Ljava/lang/Object;Lorg/apache/maven/model/interpolation/øðVÂSÀ@
Event: 4.688 Thread 0x00000000044a6800 Uncommon trap: reason=predicate action=maybe_recompile pc=0x0000000005ff3610 method=java.nio.charset.CharsetDecoder.decode(Ljava/nio/ByteBuffer;Ljava/nio/CharBuffer;Z)Ljava/nio/charset/CoderResult; @ 54
Event: 4.692 Thread 0x00000000044a6800 Uncommon trap: reason=unstable_if action=reinterpret pc=0x00000000064aa2bc method=org.apache.maven.model.io.xpp3.MavenXpp3Reader.nextTag(Lorg/codehaus/plexus/util/xml/pull/XmlPullParser;)I @ 9
Event: 4.702 Thread 0x00000000044a6800 Uncommon trap: reason=class_check action=maybe_recompile pc=0x0000000006442bfc method=org.apache.maven.model.interpolation.StringSearchModelInterpolator$InterpolateObjectAction$MapField.doInterpolate(Ljava/lang/Object;Lorg/apache/maven/model/interpolation/ÏZé»

Internal exceptions (10 events):
Event: 1.808 Thread 0x00000000044a6800 Exception <a 'java/lang/ArrayIndexOutOfBoundsException'> (0x00000000d853e7e0) thrown at [C:\re\workspace\8-2-build-windows-amd64-cygwin\jdk8u74\6087\hotspot\src\share\vm\runtime\sharedRuntime.cpp, line 605]
Event: 1.809 Thread 0x00000000044a6800 Exception <a 'java/lang/ArrayIndexOutOfBoundsException'> (0x00000000d853f728) thrown at [C:\re\workspace\8-2-build-windows-amd64-cygwin\jdk8u74\6087\hotspot\src\share\vm\runtime\sharedRuntime.cpp, line 605]
Event: 1.809 Thread 0x00000000044a6800 Exception <a 'java/lang/ArrayIndexOutOfBoundsException': 86> (0x00000000d8540ee8) thrown at [C:\re\workspace\8-2-build-windows-amd64-cygwin\jdk8u74\6087\hotspot\src\share\vm\interpreter\interpreterRuntime.cpp, line 366]
Event: 1.809 Thread 0x00000000044a6800 Exception <a 'java/lang/ArrayIndexOutOfBoundsException': 100> (0x00000000d8542628) thrown at [C:\re\workspace\8-2-build-windows-amd64-cygwin\jdk8u74\6087\hotspot\src\share\vm\interpreter\interpreterRuntime.cpp, line 366]
Event: 3.238 Thread 0x00000000044a6800 Exception <a 'java/lang/NoClassDefFoundError': com/google/inject/servlet/ServletModuleTargetVisitor> (0x00000000d79f5378) thrown at [C:\re\workspace\8-2-build-windows-amd64-cygwin\jdk8u74\6087\hotspot\src\share\vm\classfile\systemDictionary.cpp, line 199]
Event: 3.238 Thread 0x00000000044a6800 Exception <a 'java/lang/NoClassDefFoundError'> (0x00000000d79f5378) thrown at [C:\re\workspace\8-2-build-windows-amd64-cygwin\jdk8u74\6087\hotspot\src\share\vm\prims\jvm.cpp, line 1390]
Event: 3.238 Thread 0x00000000044a6800 Exception <a 'java/lang/NoClassDefFoundError': javax/annotation/Priority> (0x00000000d79fd3b0) thrown at [C:\re\workspace\8-2-build-windows-amd64-cygwin\jdk8u74\6087\hotspot\src\share\vm\classfile\systemDictionary.cpp, line 199]
Event: 4.031 Thread 0x00000000044a6800 Implicit null exception at 0x0000000006111015 to 0x0000000006111211
Event: 4.031 Thread 0x00000000044a6800 Implicit null exception at 0x00000000060ad9ef to 0x00000000060ada59
Event: 4.117 Thread 0x00000000044a6800 Implicit null exception at 0x0000000006363eb7 to 0x0000000006364101

Events (10 events):
Event: 4.688 Thread 0x00000000044a6800 DEOPT PACKING pc=0x0000000005ff3610 sp=0x0000000002bcccf0
Event: 4.688 Thread 0x00000000044a6800 DEOPT UNPACKING pc=0x0000000005d5582a sp=0x0000000002bccc98 mode 2
Event: 4.690 Thread 0x00000000044a6800 DEOPT PACKING pc=0x0000000006349512 sp=0x0000000002bccd60
Event: 4.690 Thread 0x00000000044a6800 DEOPT UNPACKING pc=0x0000000005d5787f sp=0x0000000002bccaf8 mode 0
Event: 4.692 Thread 0x00000000044a6800 Uncommon trap: trap_request=0xffffff65 fr.pc=0x00000000064aa2bc
Event: 4.692 Thread 0x00000000044a6800 DEOPT PACKING pc=0x00000000064aa2bc sp=0x0000000002bccf30
Event: 4.692 Thread 0x00000000044a6800 DEOPT UNPACKING pc=0x0000000005d5582a sp=0x0000000002bccec8 mode 2
Event: 4.702 Thread 0x00000000044a6800 Uncommon trap: trap_request=0xffffffde fr.pc=0x0000000006442bfc
Event: 4.702 Thread 0x00000000044a6800 DEOPT PACKING pc=0x0000000006442bfc sp=0x0000000002bcc6f0
Event: 4.702 Thread 0x00000000044a6800 DEOPT UNPACKING pc=0x0000000005d5582a sp=0x0000000002bcc668 mode 2


Dynamic libraries:
0x00007ff7ffe20000 - 0x00007ff7ffe57000 	C:\Program Files\Java\jdk1.8.0_74\bin\javaw.exe
0x00007ffbff620000 - 0x00007ffbff7cd000 	C:\windows\SYSTEM32\ntdll.dll
0x00007ffbfd5d0000 - 0x00007ffbfd70a000 	C:\windows\system32\KERNEL32.DLL
0x00007ffbfcb70000 - 0x00007ffbfcc85000 	C:\windows\system32\KERNELBASE.dll
0x00007ffbfaea0000 - 0x00007ffbfaf28000 	C:\windows\system32\apphelp.dll
0x00007ffbf6570000 - 0x00007ffbf65bf000 	C:\windows\AppPatch\AppPatch64\AcGenral.DLL
0x00007ffbff070000 - 0x00007ffbff117000 	C:\windows\system32\msvcrt.dll
0x00007ffbfc860000 - 0x00007ffbfc88e000 	C:\windows\system32\SspiCli.dll
0x00007ffbff420000 - 0x00007ffbff471000 	C:\windows\system32\SHLWAPI.dll
0x00007ffbff200000 - 0x00007ffbff377000 	C:\windows\system32\USER32.dll
0x00007ffbff480000 - 0x00007ffbff614000 	C:\windows\system32\ole32.dll
0x00007ffbfdb40000 - 0x00007ffbff069000 	C:\windows\system32\SHELL32.dll
0x00007ffbfbd60000 - 0x00007ffbfbd7e000 	C:\windows\SYSTEM32\USERENV.dll
0x00007ffbfd2b0000 - 0x00007ffbfd35a000 	C:\windows\system32\ADVAPI32.dll
0x00007ffbf0880000 - 0x00007ffbf089b000 	C:\windows\SYSTEM32\MPR.dll
0x00007ffbfd710000 - 0x00007ffbfd850000 	C:\windows\system32\RPCRT4.dll
0x00007ffbff380000 - 0x00007ffbff3d9000 	C:\windows\SYSTEM32\sechost.dll
0x00007ffbfd860000 - 0x00007ffbfda72000 	C:\windows\SYSTEM32\combase.dll
0x00007ffbfcd00000 - 0x00007ffbfce4b000 	C:\windows\system32\GDI32.dll
0x00007ffbfc790000 - 0x00007ffbfc7a4000 	C:\windows\SYSTEM32\profapi.dll
0x00007ffbfae00000 - 0x00007ffbfae9f000 	C:\windows\SYSTEM32\SHCORE.dll
0x00007ffbff3e0000 - 0x00007ffbff414000 	C:\windows\system32\IMM32.DLL
0x00007ffbfd470000 - 0x00007ffbfd5c1000 	C:\windows\system32\MSCTF.dll
0x00007ffbf0fc0000 - 0x00007ffbf0fcc000 	C:\windows\KATRK64.DLL
0x00007ffbf9610000 - 0x00007ffbf9621000 	C:\windows\SYSTEM32\WTSAPI32.dll
0x00000000741f0000 - 0x000000007427e000 	C:\windows\System32\SYSFER.DLL
0x00007ffbfa730000 - 0x00007ffbfa9aa000 	C:\windows\WinSxS\amd64_microsoft.windows.common-controls_6595b64144ccf1df_6.0.9600.17810_none_6240b9c7ecbd0bda\COMCTL32.dll
0x00007ffbfc5a0000 - 0x00007ffbfc781000 	C:\Program Files (x86)\dynatrace\oneagent\agent\lib64\oneagentproc.dll
0x00007ffbfc4f0000 - 0x00007ffbfc4fa000 	C:\windows\SYSTEM32\CRYPTBASE.DLL
0x00007ffbfc480000 - 0x00007ffbfc4e3000 	C:\windows\SYSTEM32\bcryptPrimitives.dll
0x00007ffbde170000 - 0x00007ffbde1d2000 	C:\Program Files (x86)\Manufacturer\Endpoint Agent\prntm64.dll
0x00007ffbf7880000 - 0x00007ffbf788b000 	C:\windows\SYSTEM32\Secur32.dll
0x00007ffbf6d60000 - 0x00007ffbf6de2000 	C:\windows\SYSTEM32\WINSPOOL.DRV
0x00000000706d0000 - 0x00000000707a2000 	C:\Program Files\Java\jdk1.8.0_74\bin\MSVCR100.dll
0x0000000073de0000 - 0x0000000073e78000 	C:\windows\SYSTEM32\MSVCP100.dll
0x00000000705f0000 - 0x00000000706c2000 	C:\Program Files\Java\jdk1.8.0_74\jre\bin\msvcr100.dll
0x000000006fd60000 - 0x00000000705f0000 	C:\Program Files\Java\jdk1.8.0_74\jre\bin\server\jvm.dll
0x00007ffbf0fb0000 - 0x00007ffbf0fb9000 	C:\windows\SYSTEM32\WSOCK32.dll
0x00007ffbec390000 - 0x00007ffbec3af000 	C:\windows\SYSTEM32\WINMM.dll
0x00007ffbf21a0000 - 0x00007ffbf21aa000 	C:\windows\SYSTEM32\VERSION.dll
0x00007ffbff120000 - 0x00007ffbff127000 	C:\windows\system32\PSAPI.DLL
0x00007ffbfd360000 - 0x00007ffbfd3ba000 	C:\windows\system32\WS2_32.dll
0x00007ffbec360000 - 0x00007ffbec38a000 	C:\windows\SYSTEM32\WINMMBASE.dll
0x00007ffbfd240000 - 0x00007ffbfd249000 	C:\windows\system32\NSI.dll
0x00007ffbfc890000 - 0x00007ffbfc8da000 	C:\windows\SYSTEM32\cfgmgr32.dll
0x00007ffbfb400000 - 0x00007ffbfb426000 	C:\windows\SYSTEM32\DEVOBJ.dll
0x00000000735d0000 - 0x00000000735df000 	C:\Program Files\Java\jdk1.8.0_74\jre\bin\verify.dll
0x0000000070c70000 - 0x0000000070c99000 	C:\Program Files\Java\jdk1.8.0_74\jre\bin\java.dll
0x00007ffbc3d70000 - 0x00007ffbc42ae000 	C:\PROGRA~2\dynatrace\oneagent\agent\lib64\oneagentloader.dll
0x00007ffbfd250000 - 0x00007ffbfd2ac000 	C:\windows\system32\WLDAP32.dll
0x00007ffbf0850000 - 0x00007ffbf0864000 	C:\windows\system32\napinsp.dll
0x00007ffbf0830000 - 0x00007ffbf0849000 	C:\windows\system32\pnrpnsp.dll
0x00007ffbf9370000 - 0x00007ffbf938b000 	C:\windows\system32\NLAapi.dll
0x00007ffbfbf30000 - 0x00007ffbfbf89000 	C:\windows\System32\mswsock.dll
0x00007ffbfbb70000 - 0x00007ffbfbc14000 	C:\windows\SYSTEM32\DNSAPI.dll
0x00007ffbf0820000 - 0x00007ffbf082c000 	C:\windows\System32\winrnr.dll
0x00007ffbf0aa0000 - 0x00007ffbf0ab3000 	C:\windows\system32\wshbth.dll
0x00007ffbf0a70000 - 0x00007ffbf0a91000 	C:\windows\FireEye\NamespaceToEvents_00.dll
0x00007ffba9de0000 - 0x00007ffbaaa56000 	C:\PROGRA~2\dynatrace\oneagent\agent\lib64\oneagentjava.dll
0x00007ffbf7ef0000 - 0x00007ffbf7f1a000 	C:\windows\SYSTEM32\IPHLPAPI.DLL
0x00007ffbf95d0000 - 0x00007ffbf95da000 	C:\windows\SYSTEM32\WINNSI.DLL
0x00007ffbf5850000 - 0x00007ffbf5864000 	C:\windows\SYSTEM32\dhcpcsvc6.DLL
0x00007ffbf5b50000 - 0x00007ffbf5b69000 	C:\windows\SYSTEM32\dhcpcsvc.DLL
0x00007ffbfb3f0000 - 0x00007ffbfb3fa000 	C:\windows\SYSTEM32\kernel.appcore.dll
0x00007ffbf0a60000 - 0x00007ffbf0a69000 	C:\Windows\System32\rasadhlp.dll
0x00007ffbf9630000 - 0x00007ffbf9660000 	C:\windows\SYSTEM32\ntmarta.dll
0x0000000070c50000 - 0x0000000070c66000 	C:\Program Files\Java\jdk1.8.0_74\jre\bin\zip.dll
0x0000000070c30000 - 0x0000000070c4a000 	C:\Program Files\Java\jdk1.8.0_74\jre\bin\net.dll
0x0000000070c10000 - 0x0000000070c21000 	C:\Program Files\Java\jdk1.8.0_74\jre\bin\nio.dll

VM Arguments:
jvm_args: -Dmaven.home=EMBEDDED -Dclassworlds.conf=C:\Users\silambarasan_a\Documents\workspace-sts-3.9.0.RELEASE\.metadata\.plugins\org.eclipse.m2e.launching\launches\m2conf1012809580258521280.tmp -Dmaven.multiModuleProjectDirectory=D:\simbu\openshift code\code2\Microservices-master\Microservices-master -Dfile.encoding=Cp1252 -agentpath:C:/PROGRA~2/dynatrace/oneagent/agent/lib64/oneagentloader.dll 
java_command: org.codehaus.plexus.classworlds.launcher.Launcher -Pdev -B -Dmaven.test.skip=true -DskipTests clean compile install
java_class_path (initial): /D:/software/spring-tool-suite-3.9.0.RELEASE-e4.7.0-win32-x86_64/sts-bundle/sts-3.9.0.RELEASE/plugins/org.eclipse.m2e.maven.runtime_1.8.0.20170516-2042/jars/plexus-classworlds-2.5.2.jar
Launcher Type: SUN_STANDARD

Environment Variables:
JAVA_HOME=C:\Program Files\Java\jdk1.8.0_74
CLASSPATH=.;C:\PROGRA~1\IBM\SQLLIB\java\db2java.zip;C:\PROGRA~1\IBM\SQLLIB\java\db2jcc.jar;C:\PROGRA~1\IBM\SQLLIB\java\sqlj.zip;C:\PROGRA~1\IBM\SQLLIB\java\db2jcc_license_cu.jar;C:\PROGRA~1\IBM\SQLLIB\bin;C:\PROGRA~1\IBM\SQLLIB\java\common.jar
PATH=C:/Program Files/Java/jre1.8.0_74/bin/server;C:/Program Files/Java/jre1.8.0_74/bin;C:/Program Files/Java/jre1.8.0_74/lib/amd64;C:\ProgramData\Oracle\Java\javapath;C:\windows\system32;C:\windows;C:\windows\System32\Wbem;C:\windows\System32\WindowsPowerShell\v1.0\;C:\Program Files\ibm\gsk8\lib64;C:\Program Files (x86)\ibm\gsk8\lib;C:\PROGRA~1\IBM\SQLLIB\BIN;C:\PROGRA~1\IBM\SQLLIB\FUNCTION;C:\PROGRA~1\IBM\SQLLIB\SAMPLES\REPL;%PY_HOME%;%PY_HOME%\Lib;%PY_HOME%\DLLs;%PY_HOME%\Lib\lib-tk;D:\MongoDB\Server\3.2\bin;D:\software\apache-maven-3.3.9-bin\apache-maven-3.3.9\bin;%CATALINA_HOME%\bin;C:\Program Files\nodejs\;C:\Users\silambarasan_a\AppData\Roaming\npm;C:\Program Files (x86)\Brackets\command;C:\windows\system32\config\systemprofile\.dnx\bin;C:\Program Files\Microsoft DNX\Dnvm\;C:\Program Files\Microsoft SQL Server\120\Tools\Binn\;C:\Program Files (x86)\Microsoft SQL Server\120\DTS\Binn\;C:\Program Files (x86)\Microsoft SQL Server\Client SDK\ODBC\110\Tools\Binn\;C:\Program Files (x86)\Microsoft SQL Server\120\Tools\Binn\;C:\Program Files (x86)\Microsoft SQL Server\120\Tools\Binn\ManagementStudio\;C:\Program Files (x86)\Windows Kits\8.1\Windows Performance Toolkit\;D:\software\kafka_setup\kafka_setup\zookeeper-3.4.6\bin;C:\Users\silambarasan_a\.dnx\bin;C:\Users\silambarasan_a\AppData\Roaming\npm;D:\software\spring-tool-suite-3.9.0.RELEASE-e4.7.0-win32-x86_64\sts-bundle\sts-3.9.0.RELEASE;
USERNAME=silambarasan_a
OS=Windows_NT
PROCESSOR_IDENTIFIER=Intel64 Family 6 Model 61 Stepping 4, GenuineIntel



---------------  S Y S T E M  ---------------

OS: Windows 8.1 , 64 bit Build 9600 (6.3.9600.17056)

CPU:total 4 (2 cores per cpu, 2 threads per core) family 6 model 61 stepping 4, cmov, cx8, fxsr, mmx, sse, sse2, sse3, ssse3, sse4.1, sse4.2, popcnt, avx, avx2, aes, clmul, erms, 3dnowpref, lzcnt, ht, tsc, tscinvbit, bmi1, bmi2, adx

Memory: 4k page, physical 8077532k(1357764k free), swap 10736960k(5212k free)

vm_info: Java HotSpot(TM) 64-Bit Server VM (25.74-b02) for windows-amd64 JRE (1.8.0_74-b02), built on Jan 29 2016 17:42:36 by "java_re" with MS VC++ 10.0 (VS2010)

time: Wed Dec 06 16:43:46 2017
elapsed time: 4 seconds (0d 0h 0m 4s)

